Release 14.7 - xst P.20131013 (lin64)
Copyright (c) 1995-2013 Xilinx, Inc.  All rights reserved.
--> 
Parameter TMPDIR set to xst/projnav.tmp


Total REAL time to Xst completion: 0.00 secs
Total CPU time to Xst completion: 0.03 secs
 
--> 
Parameter xsthdpdir set to xst


Total REAL time to Xst completion: 0.00 secs
Total CPU time to Xst completion: 0.03 secs
 
--> 
Reading design: CPU.prj

TABLE OF CONTENTS
  1) Synthesis Options Summary
  2) HDL Compilation
  3) Design Hierarchy Analysis
  4) HDL Analysis
  5) HDL Synthesis
     5.1) HDL Synthesis Report
  6) Advanced HDL Synthesis
     6.1) Advanced HDL Synthesis Report
  7) Low Level Synthesis
  8) Partition Report
  9) Final Report
	9.1) Device utilization summary
	9.2) Partition Resource Summary
	9.3) TIMING REPORT


=========================================================================
*                      Synthesis Options Summary                        *
=========================================================================
---- Source Parameters
Input File Name                    : "CPU.prj"
Input Format                       : mixed
Ignore Synthesis Constraint File   : NO

---- Target Parameters
Output File Name                   : "CPU"
Output Format                      : NGC
Target Device                      : xc3s500e-4-fg320

---- Source Options
Top Module Name                    : CPU
Automatic FSM Extraction           : YES
FSM Encoding Algorithm             : Auto
Safe Implementation                : No
FSM Style                          : LUT
RAM Extraction                     : Yes
RAM Style                          : Auto
ROM Extraction                     : Yes
Mux Style                          : Auto
Decoder Extraction                 : YES
Priority Encoder Extraction        : Yes
Shift Register Extraction          : YES
Logical Shifter Extraction         : YES
XOR Collapsing                     : YES
ROM Style                          : Auto
Mux Extraction                     : Yes
Resource Sharing                   : YES
Asynchronous To Synchronous        : NO
Multiplier Style                   : Auto
Automatic Register Balancing       : No

---- Target Options
Add IO Buffers                     : YES
Global Maximum Fanout              : 100000
Add Generic Clock Buffer(BUFG)     : 24
Register Duplication               : YES
Slice Packing                      : YES
Optimize Instantiated Primitives   : NO
Use Clock Enable                   : Yes
Use Synchronous Set                : Yes
Use Synchronous Reset              : Yes
Pack IO Registers into IOBs        : Auto
Equivalent register Removal        : YES

---- General Options
Optimization Goal                  : Speed
Optimization Effort                : 1
Keep Hierarchy                     : No
Netlist Hierarchy                  : As_Optimized
RTL Output                         : Yes
Global Optimization                : AllClockNets
Read Cores                         : YES
Write Timing Constraints           : NO
Cross Clock Analysis               : NO
Hierarchy Separator                : /
Bus Delimiter                      : <>
Case Specifier                     : Maintain
Slice Utilization Ratio            : 100
BRAM Utilization Ratio             : 100
Verilog 2001                       : YES
Auto BRAM Packing                  : NO
Slice Utilization Ratio Delta      : 5

=========================================================================


=========================================================================
*                          HDL Compilation                              *
=========================================================================
Compiling vhdl file "/home/ise/shared_dir/CPU/synchronizer.vhd" in Library work.
Architecture rtl of Entity synchronizer is up to date.
Compiling vhdl file "/home/ise/shared_dir/CPU/periferie/IO_WE_Controler.vhd" in Library work.
Architecture rtl of Entity io_we_controler is up to date.
Compiling vhdl file "/home/ise/shared_dir/CPU/periferie/GPIO.vhd" in Library work.
Architecture rtl of Entity gpio is up to date.
Compiling vhdl file "/home/ise/shared_dir/CPU/PC.vhd" in Library work.
Architecture rtl of Entity pc is up to date.
Compiling vhdl file "/home/ise/shared_dir/CPU/Control_unit.vhd" in Library work.
Architecture rtl of Entity control_unit is up to date.
Compiling vhdl file "/home/ise/shared_dir/CPU/registr32x4.vhd" in Library work.
Architecture rtl of Entity registr32x4 is up to date.
Compiling vhdl file "/home/ise/shared_dir/CPU/Imm_decode.vhd" in Library work.
Architecture rtl of Entity imm_decode is up to date.
Compiling vhdl file "/home/ise/shared_dir/CPU/ALU.vhd" in Library work.
Architecture rtl of Entity alu is up to date.
Compiling vhdl file "/home/ise/shared_dir/CPU/RAM2048x36.vhd" in Library work.
Architecture rtl of Entity ram2048x32 is up to date.
Compiling vhdl file "/home/ise/shared_dir/CPU/periferie/SPI_flash.vhd" in Library work.
Architecture rtl of Entity spi_flash is up to date.
Compiling vhdl file "/home/ise/shared_dir/CPU/IO_controler.vhd" in Library work.
Architecture rtl of Entity io_controler is up to date.
Compiling vhdl file "/home/ise/shared_dir/CPU/CPU.vhd" in Library work.
Architecture rtl of Entity cpu is up to date.

=========================================================================
*                     Design Hierarchy Analysis                         *
=========================================================================
Analyzing hierarchy for entity <CPU> in library <work> (architecture <rtl>).

Analyzing hierarchy for entity <PC> in library <work> (architecture <rtl>).

Analyzing hierarchy for entity <Control_unit> in library <work> (architecture <rtl>).

Analyzing hierarchy for entity <registr32x4> in library <work> (architecture <rtl>).

Analyzing hierarchy for entity <Imm_decode> in library <work> (architecture <rtl>).

Analyzing hierarchy for entity <ALU> in library <work> (architecture <rtl>).

Analyzing hierarchy for entity <RAM2048x32> in library <work> (architecture <rtl>).

Analyzing hierarchy for entity <SPI_flash> in library <work> (architecture <rtl>).

Analyzing hierarchy for entity <IO_controler> in library <work> (architecture <rtl>).

Analyzing hierarchy for entity <IO_WE_controler> in library <work> (architecture <rtl>).

Analyzing hierarchy for entity <GPIO> in library <work> (architecture <rtl>).

Analyzing hierarchy for entity <Synchronizer> in library <work> (architecture <rtl>) with generics.
	g_DATA_WIDTH = 8


=========================================================================
*                            HDL Analysis                               *
=========================================================================
Analyzing Entity <CPU> in library <work> (Architecture <rtl>).
INFO:Xst:2679 - Register <SPI_Adress_i> in unit <CPU> has a constant value of 000000000000000000000000 during circuit operation. The register is replaced by logic.
INFO:Xst:2679 - Register <PC_start> in unit <CPU> has a constant value of 00000000000 during circuit operation. The register is replaced by logic.
Entity <CPU> analyzed. Unit <CPU> generated.

Analyzing Entity <PC> in library <work> (Architecture <rtl>).
Entity <PC> analyzed. Unit <PC> generated.

Analyzing Entity <Control_unit> in library <work> (Architecture <rtl>).
Entity <Control_unit> analyzed. Unit <Control_unit> generated.

Analyzing Entity <registr32x4> in library <work> (Architecture <rtl>).
Entity <registr32x4> analyzed. Unit <registr32x4> generated.

Analyzing Entity <Imm_decode> in library <work> (Architecture <rtl>).
Entity <Imm_decode> analyzed. Unit <Imm_decode> generated.

Analyzing Entity <ALU> in library <work> (Architecture <rtl>).
Entity <ALU> analyzed. Unit <ALU> generated.

Analyzing Entity <RAM2048x32> in library <work> (Architecture <rtl>).
    Set user-defined property "INIT =  000000000" for instance <RAMB16_S36_inst_1> in unit <RAM2048x32>.
    Set user-defined property "INITP_00 =  0000000000000000000000000000000000000000000000000000000000000000" for instance <RAMB16_S36_inst_1> in unit <RAM2048x32>.
    Set user-defined property "INITP_01 =  0000000000000000000000000000000000000000000000000000000000000000" for instance <RAMB16_S36_inst_1> in unit <RAM2048x32>.
    Set user-defined property "INITP_02 =  0000000000000000000000000000000000000000000000000000000000000000" for instance <RAMB16_S36_inst_1> in unit <RAM2048x32>.
    Set user-defined property "INITP_03 =  0000000000000000000000000000000000000000000000000000000000000000" for instance <RAMB16_S36_inst_1> in unit <RAM2048x32>.
    Set user-defined property "INITP_04 =  0000000000000000000000000000000000000000000000000000000000000000" for instance <RAMB16_S36_inst_1> in unit <RAM2048x32>.
    Set user-defined property "INITP_05 =  0000000000000000000000000000000000000000000000000000000000000000" for instance <RAMB16_S36_inst_1> in unit <RAM2048x32>.
    Set user-defined property "INITP_06 =  0000000000000000000000000000000000000000000000000000000000000000" for instance <RAMB16_S36_inst_1> in unit <RAM2048x32>.
    Set user-defined property "INITP_07 =  0000000000000000000000000000000000000000000000000000000000000000" for instance <RAMB16_S36_inst_1> in unit <RAM2048x32>.
    Set user-defined property "INIT_00 =  0000000000000000000000000000000000000000000000000000000000000000" for instance <RAMB16_S36_inst_1> in unit <RAM2048x32>.
    Set user-defined property "INIT_01 =  0000000000000000000000000000000000000000000000000000000000000000" for instance <RAMB16_S36_inst_1> in unit <RAM2048x32>.
    Set user-defined property "INIT_02 =  0000000000000000000000000000000000000000000000000000000000000000" for instance <RAMB16_S36_inst_1> in unit <RAM2048x32>.
    Set user-defined property "INIT_03 =  0000000000000000000000000000000000000000000000000000000000000000" for instance <RAMB16_S36_inst_1> in unit <RAM2048x32>.
    Set user-defined property "INIT_04 =  0000000000000000000000000000000000000000000000000000000000000000" for instance <RAMB16_S36_inst_1> in unit <RAM2048x32>.
    Set user-defined property "INIT_05 =  0000000000000000000000000000000000000000000000000000000000000000" for instance <RAMB16_S36_inst_1> in unit <RAM2048x32>.
    Set user-defined property "INIT_06 =  0000000000000000000000000000000000000000000000000000000000000000" for instance <RAMB16_S36_inst_1> in unit <RAM2048x32>.
    Set user-defined property "INIT_07 =  0000000000000000000000000000000000000000000000000000000000000000" for instance <RAMB16_S36_inst_1> in unit <RAM2048x32>.
    Set user-defined property "INIT_08 =  0000000000000000000000000000000000000000000000000000000000000000" for instance <RAMB16_S36_inst_1> in unit <RAM2048x32>.
    Set user-defined property "INIT_09 =  0000000000000000000000000000000000000000000000000000000000000000" for instance <RAMB16_S36_inst_1> in unit <RAM2048x32>.
    Set user-defined property "INIT_0A =  0000000000000000000000000000000000000000000000000000000000000000" for instance <RAMB16_S36_inst_1> in unit <RAM2048x32>.
    Set user-defined property "INIT_0B =  0000000000000000000000000000000000000000000000000000000000000000" for instance <RAMB16_S36_inst_1> in unit <RAM2048x32>.
    Set user-defined property "INIT_0C =  0000000000000000000000000000000000000000000000000000000000000000" for instance <RAMB16_S36_inst_1> in unit <RAM2048x32>.
    Set user-defined property "INIT_0D =  0000000000000000000000000000000000000000000000000000000000000000" for instance <RAMB16_S36_inst_1> in unit <RAM2048x32>.
    Set user-defined property "INIT_0E =  0000000000000000000000000000000000000000000000000000000000000000" for instance <RAMB16_S36_inst_1> in unit <RAM2048x32>.
    Set user-defined property "INIT_0F =  0000000000000000000000000000000000000000000000000000000000000000" for instance <RAMB16_S36_inst_1> in unit <RAM2048x32>.
    Set user-defined property "INIT_10 =  0000000000000000000000000000000000000000000000000000000000000000" for instance <RAMB16_S36_inst_1> in unit <RAM2048x32>.
    Set user-defined property "INIT_11 =  0000000000000000000000000000000000000000000000000000000000000000" for instance <RAMB16_S36_inst_1> in unit <RAM2048x32>.
    Set user-defined property "INIT_12 =  0000000000000000000000000000000000000000000000000000000000000000" for instance <RAMB16_S36_inst_1> in unit <RAM2048x32>.
    Set user-defined property "INIT_13 =  0000000000000000000000000000000000000000000000000000000000000000" for instance <RAMB16_S36_inst_1> in unit <RAM2048x32>.
    Set user-defined property "INIT_14 =  0000000000000000000000000000000000000000000000000000000000000000" for instance <RAMB16_S36_inst_1> in unit <RAM2048x32>.
    Set user-defined property "INIT_15 =  0000000000000000000000000000000000000000000000000000000000000000" for instance <RAMB16_S36_inst_1> in unit <RAM2048x32>.
    Set user-defined property "INIT_16 =  0000000000000000000000000000000000000000000000000000000000000000" for instance <RAMB16_S36_inst_1> in unit <RAM2048x32>.
    Set user-defined property "INIT_17 =  0000000000000000000000000000000000000000000000000000000000000000" for instance <RAMB16_S36_inst_1> in unit <RAM2048x32>.
    Set user-defined property "INIT_18 =  0000000000000000000000000000000000000000000000000000000000000000" for instance <RAMB16_S36_inst_1> in unit <RAM2048x32>.
    Set user-defined property "INIT_19 =  0000000000000000000000000000000000000000000000000000000000000000" for instance <RAMB16_S36_inst_1> in unit <RAM2048x32>.
    Set user-defined property "INIT_1A =  0000000000000000000000000000000000000000000000000000000000000000" for instance <RAMB16_S36_inst_1> in unit <RAM2048x32>.
    Set user-defined property "INIT_1B =  0000000000000000000000000000000000000000000000000000000000000000" for instance <RAMB16_S36_inst_1> in unit <RAM2048x32>.
    Set user-defined property "INIT_1C =  0000000000000000000000000000000000000000000000000000000000000000" for instance <RAMB16_S36_inst_1> in unit <RAM2048x32>.
    Set user-defined property "INIT_1D =  0000000000000000000000000000000000000000000000000000000000000000" for instance <RAMB16_S36_inst_1> in unit <RAM2048x32>.
    Set user-defined property "INIT_1E =  0000000000000000000000000000000000000000000000000000000000000000" for instance <RAMB16_S36_inst_1> in unit <RAM2048x32>.
    Set user-defined property "INIT_1F =  0000000000000000000000000000000000000000000000000000000000000000" for instance <RAMB16_S36_inst_1> in unit <RAM2048x32>.
    Set user-defined property "INIT_20 =  0000000000000000000000000000000000000000000000000000000000000000" for instance <RAMB16_S36_inst_1> in unit <RAM2048x32>.
    Set user-defined property "INIT_21 =  0000000000000000000000000000000000000000000000000000000000000000" for instance <RAMB16_S36_inst_1> in unit <RAM2048x32>.
    Set user-defined property "INIT_22 =  0000000000000000000000000000000000000000000000000000000000000000" for instance <RAMB16_S36_inst_1> in unit <RAM2048x32>.
    Set user-defined property "INIT_23 =  0000000000000000000000000000000000000000000000000000000000000000" for instance <RAMB16_S36_inst_1> in unit <RAM2048x32>.
    Set user-defined property "INIT_24 =  0000000000000000000000000000000000000000000000000000000000000000" for instance <RAMB16_S36_inst_1> in unit <RAM2048x32>.
    Set user-defined property "INIT_25 =  0000000000000000000000000000000000000000000000000000000000000000" for instance <RAMB16_S36_inst_1> in unit <RAM2048x32>.
    Set user-defined property "INIT_26 =  0000000000000000000000000000000000000000000000000000000000000000" for instance <RAMB16_S36_inst_1> in unit <RAM2048x32>.
    Set user-defined property "INIT_27 =  0000000000000000000000000000000000000000000000000000000000000000" for instance <RAMB16_S36_inst_1> in unit <RAM2048x32>.
    Set user-defined property "INIT_28 =  0000000000000000000000000000000000000000000000000000000000000000" for instance <RAMB16_S36_inst_1> in unit <RAM2048x32>.
    Set user-defined property "INIT_29 =  0000000000000000000000000000000000000000000000000000000000000000" for instance <RAMB16_S36_inst_1> in unit <RAM2048x32>.
    Set user-defined property "INIT_2A =  0000000000000000000000000000000000000000000000000000000000000000" for instance <RAMB16_S36_inst_1> in unit <RAM2048x32>.
    Set user-defined property "INIT_2B =  0000000000000000000000000000000000000000000000000000000000000000" for instance <RAMB16_S36_inst_1> in unit <RAM2048x32>.
    Set user-defined property "INIT_2C =  0000000000000000000000000000000000000000000000000000000000000000" for instance <RAMB16_S36_inst_1> in unit <RAM2048x32>.
    Set user-defined property "INIT_2D =  0000000000000000000000000000000000000000000000000000000000000000" for instance <RAMB16_S36_inst_1> in unit <RAM2048x32>.
    Set user-defined property "INIT_2E =  0000000000000000000000000000000000000000000000000000000000000000" for instance <RAMB16_S36_inst_1> in unit <RAM2048x32>.
    Set user-defined property "INIT_2F =  0000000000000000000000000000000000000000000000000000000000000000" for instance <RAMB16_S36_inst_1> in unit <RAM2048x32>.
    Set user-defined property "INIT_30 =  0000000000000000000000000000000000000000000000000000000000000000" for instance <RAMB16_S36_inst_1> in unit <RAM2048x32>.
    Set user-defined property "INIT_31 =  0000000000000000000000000000000000000000000000000000000000000000" for instance <RAMB16_S36_inst_1> in unit <RAM2048x32>.
    Set user-defined property "INIT_32 =  0000000000000000000000000000000000000000000000000000000000000000" for instance <RAMB16_S36_inst_1> in unit <RAM2048x32>.
    Set user-defined property "INIT_33 =  0000000000000000000000000000000000000000000000000000000000000000" for instance <RAMB16_S36_inst_1> in unit <RAM2048x32>.
    Set user-defined property "INIT_34 =  0000000000000000000000000000000000000000000000000000000000000000" for instance <RAMB16_S36_inst_1> in unit <RAM2048x32>.
    Set user-defined property "INIT_35 =  0000000000000000000000000000000000000000000000000000000000000000" for instance <RAMB16_S36_inst_1> in unit <RAM2048x32>.
    Set user-defined property "INIT_36 =  0000000000000000000000000000000000000000000000000000000000000000" for instance <RAMB16_S36_inst_1> in unit <RAM2048x32>.
    Set user-defined property "INIT_37 =  0000000000000000000000000000000000000000000000000000000000000000" for instance <RAMB16_S36_inst_1> in unit <RAM2048x32>.
    Set user-defined property "INIT_38 =  0000000000000000000000000000000000000000000000000000000000000000" for instance <RAMB16_S36_inst_1> in unit <RAM2048x32>.
    Set user-defined property "INIT_39 =  0000000000000000000000000000000000000000000000000000000000000000" for instance <RAMB16_S36_inst_1> in unit <RAM2048x32>.
    Set user-defined property "INIT_3A =  0000000000000000000000000000000000000000000000000000000000000000" for instance <RAMB16_S36_inst_1> in unit <RAM2048x32>.
    Set user-defined property "INIT_3B =  0000000000000000000000000000000000000000000000000000000000000000" for instance <RAMB16_S36_inst_1> in unit <RAM2048x32>.
    Set user-defined property "INIT_3C =  0000000000000000000000000000000000000000000000000000000000000000" for instance <RAMB16_S36_inst_1> in unit <RAM2048x32>.
    Set user-defined property "INIT_3D =  0000000000000000000000000000000000000000000000000000000000000000" for instance <RAMB16_S36_inst_1> in unit <RAM2048x32>.
    Set user-defined property "INIT_3E =  0000000000000000000000000000000000000000000000000000000000000000" for instance <RAMB16_S36_inst_1> in unit <RAM2048x32>.
    Set user-defined property "INIT_3F =  0000000000000000000000000000000000000000000000000000000000000000" for instance <RAMB16_S36_inst_1> in unit <RAM2048x32>.
    Set user-defined property "SRVAL =  000000000" for instance <RAMB16_S36_inst_1> in unit <RAM2048x32>.
    Set user-defined property "WRITE_MODE =  WRITE_FIRST" for instance <RAMB16_S36_inst_1> in unit <RAM2048x32>.
    Set user-defined property "INIT =  000000000" for instance <RAMB16_S36_inst_2> in unit <RAM2048x32>.
    Set user-defined property "INITP_00 =  0000000000000000000000000000000000000000000000000000000000000000" for instance <RAMB16_S36_inst_2> in unit <RAM2048x32>.
    Set user-defined property "INITP_01 =  0000000000000000000000000000000000000000000000000000000000000000" for instance <RAMB16_S36_inst_2> in unit <RAM2048x32>.
    Set user-defined property "INITP_02 =  0000000000000000000000000000000000000000000000000000000000000000" for instance <RAMB16_S36_inst_2> in unit <RAM2048x32>.
    Set user-defined property "INITP_03 =  0000000000000000000000000000000000000000000000000000000000000000" for instance <RAMB16_S36_inst_2> in unit <RAM2048x32>.
    Set user-defined property "INITP_04 =  0000000000000000000000000000000000000000000000000000000000000000" for instance <RAMB16_S36_inst_2> in unit <RAM2048x32>.
    Set user-defined property "INITP_05 =  0000000000000000000000000000000000000000000000000000000000000000" for instance <RAMB16_S36_inst_2> in unit <RAM2048x32>.
    Set user-defined property "INITP_06 =  0000000000000000000000000000000000000000000000000000000000000000" for instance <RAMB16_S36_inst_2> in unit <RAM2048x32>.
    Set user-defined property "INITP_07 =  0000000000000000000000000000000000000000000000000000000000000000" for instance <RAMB16_S36_inst_2> in unit <RAM2048x32>.
    Set user-defined property "INIT_00 =  0000000000000000000000000000000000000000000000000000000000000000" for instance <RAMB16_S36_inst_2> in unit <RAM2048x32>.
    Set user-defined property "INIT_01 =  0000000000000000000000000000000000000000000000000000000000000000" for instance <RAMB16_S36_inst_2> in unit <RAM2048x32>.
    Set user-defined property "INIT_02 =  0000000000000000000000000000000000000000000000000000000000000000" for instance <RAMB16_S36_inst_2> in unit <RAM2048x32>.
    Set user-defined property "INIT_03 =  0000000000000000000000000000000000000000000000000000000000000000" for instance <RAMB16_S36_inst_2> in unit <RAM2048x32>.
    Set user-defined property "INIT_04 =  0000000000000000000000000000000000000000000000000000000000000000" for instance <RAMB16_S36_inst_2> in unit <RAM2048x32>.
    Set user-defined property "INIT_05 =  0000000000000000000000000000000000000000000000000000000000000000" for instance <RAMB16_S36_inst_2> in unit <RAM2048x32>.
    Set user-defined property "INIT_06 =  0000000000000000000000000000000000000000000000000000000000000000" for instance <RAMB16_S36_inst_2> in unit <RAM2048x32>.
    Set user-defined property "INIT_07 =  0000000000000000000000000000000000000000000000000000000000000000" for instance <RAMB16_S36_inst_2> in unit <RAM2048x32>.
    Set user-defined property "INIT_08 =  0000000000000000000000000000000000000000000000000000000000000000" for instance <RAMB16_S36_inst_2> in unit <RAM2048x32>.
    Set user-defined property "INIT_09 =  0000000000000000000000000000000000000000000000000000000000000000" for instance <RAMB16_S36_inst_2> in unit <RAM2048x32>.
    Set user-defined property "INIT_0A =  0000000000000000000000000000000000000000000000000000000000000000" for instance <RAMB16_S36_inst_2> in unit <RAM2048x32>.
    Set user-defined property "INIT_0B =  0000000000000000000000000000000000000000000000000000000000000000" for instance <RAMB16_S36_inst_2> in unit <RAM2048x32>.
    Set user-defined property "INIT_0C =  0000000000000000000000000000000000000000000000000000000000000000" for instance <RAMB16_S36_inst_2> in unit <RAM2048x32>.
    Set user-defined property "INIT_0D =  0000000000000000000000000000000000000000000000000000000000000000" for instance <RAMB16_S36_inst_2> in unit <RAM2048x32>.
    Set user-defined property "INIT_0E =  0000000000000000000000000000000000000000000000000000000000000000" for instance <RAMB16_S36_inst_2> in unit <RAM2048x32>.
    Set user-defined property "INIT_0F =  0000000000000000000000000000000000000000000000000000000000000000" for instance <RAMB16_S36_inst_2> in unit <RAM2048x32>.
    Set user-defined property "INIT_10 =  0000000000000000000000000000000000000000000000000000000000000000" for instance <RAMB16_S36_inst_2> in unit <RAM2048x32>.
    Set user-defined property "INIT_11 =  0000000000000000000000000000000000000000000000000000000000000000" for instance <RAMB16_S36_inst_2> in unit <RAM2048x32>.
    Set user-defined property "INIT_12 =  0000000000000000000000000000000000000000000000000000000000000000" for instance <RAMB16_S36_inst_2> in unit <RAM2048x32>.
    Set user-defined property "INIT_13 =  0000000000000000000000000000000000000000000000000000000000000000" for instance <RAMB16_S36_inst_2> in unit <RAM2048x32>.
    Set user-defined property "INIT_14 =  0000000000000000000000000000000000000000000000000000000000000000" for instance <RAMB16_S36_inst_2> in unit <RAM2048x32>.
    Set user-defined property "INIT_15 =  0000000000000000000000000000000000000000000000000000000000000000" for instance <RAMB16_S36_inst_2> in unit <RAM2048x32>.
    Set user-defined property "INIT_16 =  0000000000000000000000000000000000000000000000000000000000000000" for instance <RAMB16_S36_inst_2> in unit <RAM2048x32>.
    Set user-defined property "INIT_17 =  0000000000000000000000000000000000000000000000000000000000000000" for instance <RAMB16_S36_inst_2> in unit <RAM2048x32>.
    Set user-defined property "INIT_18 =  0000000000000000000000000000000000000000000000000000000000000000" for instance <RAMB16_S36_inst_2> in unit <RAM2048x32>.
    Set user-defined property "INIT_19 =  0000000000000000000000000000000000000000000000000000000000000000" for instance <RAMB16_S36_inst_2> in unit <RAM2048x32>.
    Set user-defined property "INIT_1A =  0000000000000000000000000000000000000000000000000000000000000000" for instance <RAMB16_S36_inst_2> in unit <RAM2048x32>.
    Set user-defined property "INIT_1B =  0000000000000000000000000000000000000000000000000000000000000000" for instance <RAMB16_S36_inst_2> in unit <RAM2048x32>.
    Set user-defined property "INIT_1C =  0000000000000000000000000000000000000000000000000000000000000000" for instance <RAMB16_S36_inst_2> in unit <RAM2048x32>.
    Set user-defined property "INIT_1D =  0000000000000000000000000000000000000000000000000000000000000000" for instance <RAMB16_S36_inst_2> in unit <RAM2048x32>.
    Set user-defined property "INIT_1E =  0000000000000000000000000000000000000000000000000000000000000000" for instance <RAMB16_S36_inst_2> in unit <RAM2048x32>.
    Set user-defined property "INIT_1F =  0000000000000000000000000000000000000000000000000000000000000000" for instance <RAMB16_S36_inst_2> in unit <RAM2048x32>.
    Set user-defined property "INIT_20 =  0000000000000000000000000000000000000000000000000000000000000000" for instance <RAMB16_S36_inst_2> in unit <RAM2048x32>.
    Set user-defined property "INIT_21 =  0000000000000000000000000000000000000000000000000000000000000000" for instance <RAMB16_S36_inst_2> in unit <RAM2048x32>.
    Set user-defined property "INIT_22 =  0000000000000000000000000000000000000000000000000000000000000000" for instance <RAMB16_S36_inst_2> in unit <RAM2048x32>.
    Set user-defined property "INIT_23 =  0000000000000000000000000000000000000000000000000000000000000000" for instance <RAMB16_S36_inst_2> in unit <RAM2048x32>.
    Set user-defined property "INIT_24 =  0000000000000000000000000000000000000000000000000000000000000000" for instance <RAMB16_S36_inst_2> in unit <RAM2048x32>.
    Set user-defined property "INIT_25 =  0000000000000000000000000000000000000000000000000000000000000000" for instance <RAMB16_S36_inst_2> in unit <RAM2048x32>.
    Set user-defined property "INIT_26 =  0000000000000000000000000000000000000000000000000000000000000000" for instance <RAMB16_S36_inst_2> in unit <RAM2048x32>.
    Set user-defined property "INIT_27 =  0000000000000000000000000000000000000000000000000000000000000000" for instance <RAMB16_S36_inst_2> in unit <RAM2048x32>.
    Set user-defined property "INIT_28 =  0000000000000000000000000000000000000000000000000000000000000000" for instance <RAMB16_S36_inst_2> in unit <RAM2048x32>.
    Set user-defined property "INIT_29 =  0000000000000000000000000000000000000000000000000000000000000000" for instance <RAMB16_S36_inst_2> in unit <RAM2048x32>.
    Set user-defined property "INIT_2A =  0000000000000000000000000000000000000000000000000000000000000000" for instance <RAMB16_S36_inst_2> in unit <RAM2048x32>.
    Set user-defined property "INIT_2B =  0000000000000000000000000000000000000000000000000000000000000000" for instance <RAMB16_S36_inst_2> in unit <RAM2048x32>.
    Set user-defined property "INIT_2C =  0000000000000000000000000000000000000000000000000000000000000000" for instance <RAMB16_S36_inst_2> in unit <RAM2048x32>.
    Set user-defined property "INIT_2D =  0000000000000000000000000000000000000000000000000000000000000000" for instance <RAMB16_S36_inst_2> in unit <RAM2048x32>.
    Set user-defined property "INIT_2E =  0000000000000000000000000000000000000000000000000000000000000000" for instance <RAMB16_S36_inst_2> in unit <RAM2048x32>.
    Set user-defined property "INIT_2F =  0000000000000000000000000000000000000000000000000000000000000000" for instance <RAMB16_S36_inst_2> in unit <RAM2048x32>.
    Set user-defined property "INIT_30 =  0000000000000000000000000000000000000000000000000000000000000000" for instance <RAMB16_S36_inst_2> in unit <RAM2048x32>.
    Set user-defined property "INIT_31 =  0000000000000000000000000000000000000000000000000000000000000000" for instance <RAMB16_S36_inst_2> in unit <RAM2048x32>.
    Set user-defined property "INIT_32 =  0000000000000000000000000000000000000000000000000000000000000000" for instance <RAMB16_S36_inst_2> in unit <RAM2048x32>.
    Set user-defined property "INIT_33 =  0000000000000000000000000000000000000000000000000000000000000000" for instance <RAMB16_S36_inst_2> in unit <RAM2048x32>.
    Set user-defined property "INIT_34 =  0000000000000000000000000000000000000000000000000000000000000000" for instance <RAMB16_S36_inst_2> in unit <RAM2048x32>.
    Set user-defined property "INIT_35 =  0000000000000000000000000000000000000000000000000000000000000000" for instance <RAMB16_S36_inst_2> in unit <RAM2048x32>.
    Set user-defined property "INIT_36 =  0000000000000000000000000000000000000000000000000000000000000000" for instance <RAMB16_S36_inst_2> in unit <RAM2048x32>.
    Set user-defined property "INIT_37 =  0000000000000000000000000000000000000000000000000000000000000000" for instance <RAMB16_S36_inst_2> in unit <RAM2048x32>.
    Set user-defined property "INIT_38 =  0000000000000000000000000000000000000000000000000000000000000000" for instance <RAMB16_S36_inst_2> in unit <RAM2048x32>.
    Set user-defined property "INIT_39 =  0000000000000000000000000000000000000000000000000000000000000000" for instance <RAMB16_S36_inst_2> in unit <RAM2048x32>.
    Set user-defined property "INIT_3A =  0000000000000000000000000000000000000000000000000000000000000000" for instance <RAMB16_S36_inst_2> in unit <RAM2048x32>.
    Set user-defined property "INIT_3B =  0000000000000000000000000000000000000000000000000000000000000000" for instance <RAMB16_S36_inst_2> in unit <RAM2048x32>.
    Set user-defined property "INIT_3C =  0000000000000000000000000000000000000000000000000000000000000000" for instance <RAMB16_S36_inst_2> in unit <RAM2048x32>.
    Set user-defined property "INIT_3D =  0000000000000000000000000000000000000000000000000000000000000000" for instance <RAMB16_S36_inst_2> in unit <RAM2048x32>.
    Set user-defined property "INIT_3E =  0000000000000000000000000000000000000000000000000000000000000000" for instance <RAMB16_S36_inst_2> in unit <RAM2048x32>.
    Set user-defined property "INIT_3F =  0000000000000000000000000000000000000000000000000000000000000000" for instance <RAMB16_S36_inst_2> in unit <RAM2048x32>.
    Set user-defined property "SRVAL =  000000000" for instance <RAMB16_S36_inst_2> in unit <RAM2048x32>.
    Set user-defined property "WRITE_MODE =  WRITE_FIRST" for instance <RAMB16_S36_inst_2> in unit <RAM2048x32>.
    Set user-defined property "INIT =  000000000" for instance <RAMB16_S36_inst_3> in unit <RAM2048x32>.
    Set user-defined property "INITP_00 =  0000000000000000000000000000000000000000000000000000000000000000" for instance <RAMB16_S36_inst_3> in unit <RAM2048x32>.
    Set user-defined property "INITP_01 =  0000000000000000000000000000000000000000000000000000000000000000" for instance <RAMB16_S36_inst_3> in unit <RAM2048x32>.
    Set user-defined property "INITP_02 =  0000000000000000000000000000000000000000000000000000000000000000" for instance <RAMB16_S36_inst_3> in unit <RAM2048x32>.
    Set user-defined property "INITP_03 =  0000000000000000000000000000000000000000000000000000000000000000" for instance <RAMB16_S36_inst_3> in unit <RAM2048x32>.
    Set user-defined property "INITP_04 =  0000000000000000000000000000000000000000000000000000000000000000" for instance <RAMB16_S36_inst_3> in unit <RAM2048x32>.
    Set user-defined property "INITP_05 =  0000000000000000000000000000000000000000000000000000000000000000" for instance <RAMB16_S36_inst_3> in unit <RAM2048x32>.
    Set user-defined property "INITP_06 =  0000000000000000000000000000000000000000000000000000000000000000" for instance <RAMB16_S36_inst_3> in unit <RAM2048x32>.
    Set user-defined property "INITP_07 =  0000000000000000000000000000000000000000000000000000000000000000" for instance <RAMB16_S36_inst_3> in unit <RAM2048x32>.
    Set user-defined property "INIT_00 =  0000000000000000000000000000000000000000000000000000000000000000" for instance <RAMB16_S36_inst_3> in unit <RAM2048x32>.
    Set user-defined property "INIT_01 =  0000000000000000000000000000000000000000000000000000000000000000" for instance <RAMB16_S36_inst_3> in unit <RAM2048x32>.
    Set user-defined property "INIT_02 =  0000000000000000000000000000000000000000000000000000000000000000" for instance <RAMB16_S36_inst_3> in unit <RAM2048x32>.
    Set user-defined property "INIT_03 =  0000000000000000000000000000000000000000000000000000000000000000" for instance <RAMB16_S36_inst_3> in unit <RAM2048x32>.
    Set user-defined property "INIT_04 =  0000000000000000000000000000000000000000000000000000000000000000" for instance <RAMB16_S36_inst_3> in unit <RAM2048x32>.
    Set user-defined property "INIT_05 =  0000000000000000000000000000000000000000000000000000000000000000" for instance <RAMB16_S36_inst_3> in unit <RAM2048x32>.
    Set user-defined property "INIT_06 =  0000000000000000000000000000000000000000000000000000000000000000" for instance <RAMB16_S36_inst_3> in unit <RAM2048x32>.
    Set user-defined property "INIT_07 =  0000000000000000000000000000000000000000000000000000000000000000" for instance <RAMB16_S36_inst_3> in unit <RAM2048x32>.
    Set user-defined property "INIT_08 =  0000000000000000000000000000000000000000000000000000000000000000" for instance <RAMB16_S36_inst_3> in unit <RAM2048x32>.
    Set user-defined property "INIT_09 =  0000000000000000000000000000000000000000000000000000000000000000" for instance <RAMB16_S36_inst_3> in unit <RAM2048x32>.
    Set user-defined property "INIT_0A =  0000000000000000000000000000000000000000000000000000000000000000" for instance <RAMB16_S36_inst_3> in unit <RAM2048x32>.
    Set user-defined property "INIT_0B =  0000000000000000000000000000000000000000000000000000000000000000" for instance <RAMB16_S36_inst_3> in unit <RAM2048x32>.
    Set user-defined property "INIT_0C =  0000000000000000000000000000000000000000000000000000000000000000" for instance <RAMB16_S36_inst_3> in unit <RAM2048x32>.
    Set user-defined property "INIT_0D =  0000000000000000000000000000000000000000000000000000000000000000" for instance <RAMB16_S36_inst_3> in unit <RAM2048x32>.
    Set user-defined property "INIT_0E =  0000000000000000000000000000000000000000000000000000000000000000" for instance <RAMB16_S36_inst_3> in unit <RAM2048x32>.
    Set user-defined property "INIT_0F =  0000000000000000000000000000000000000000000000000000000000000000" for instance <RAMB16_S36_inst_3> in unit <RAM2048x32>.
    Set user-defined property "INIT_10 =  0000000000000000000000000000000000000000000000000000000000000000" for instance <RAMB16_S36_inst_3> in unit <RAM2048x32>.
    Set user-defined property "INIT_11 =  0000000000000000000000000000000000000000000000000000000000000000" for instance <RAMB16_S36_inst_3> in unit <RAM2048x32>.
    Set user-defined property "INIT_12 =  0000000000000000000000000000000000000000000000000000000000000000" for instance <RAMB16_S36_inst_3> in unit <RAM2048x32>.
    Set user-defined property "INIT_13 =  0000000000000000000000000000000000000000000000000000000000000000" for instance <RAMB16_S36_inst_3> in unit <RAM2048x32>.
    Set user-defined property "INIT_14 =  0000000000000000000000000000000000000000000000000000000000000000" for instance <RAMB16_S36_inst_3> in unit <RAM2048x32>.
    Set user-defined property "INIT_15 =  0000000000000000000000000000000000000000000000000000000000000000" for instance <RAMB16_S36_inst_3> in unit <RAM2048x32>.
    Set user-defined property "INIT_16 =  0000000000000000000000000000000000000000000000000000000000000000" for instance <RAMB16_S36_inst_3> in unit <RAM2048x32>.
    Set user-defined property "INIT_17 =  0000000000000000000000000000000000000000000000000000000000000000" for instance <RAMB16_S36_inst_3> in unit <RAM2048x32>.
    Set user-defined property "INIT_18 =  0000000000000000000000000000000000000000000000000000000000000000" for instance <RAMB16_S36_inst_3> in unit <RAM2048x32>.
    Set user-defined property "INIT_19 =  0000000000000000000000000000000000000000000000000000000000000000" for instance <RAMB16_S36_inst_3> in unit <RAM2048x32>.
    Set user-defined property "INIT_1A =  0000000000000000000000000000000000000000000000000000000000000000" for instance <RAMB16_S36_inst_3> in unit <RAM2048x32>.
    Set user-defined property "INIT_1B =  0000000000000000000000000000000000000000000000000000000000000000" for instance <RAMB16_S36_inst_3> in unit <RAM2048x32>.
    Set user-defined property "INIT_1C =  0000000000000000000000000000000000000000000000000000000000000000" for instance <RAMB16_S36_inst_3> in unit <RAM2048x32>.
    Set user-defined property "INIT_1D =  0000000000000000000000000000000000000000000000000000000000000000" for instance <RAMB16_S36_inst_3> in unit <RAM2048x32>.
    Set user-defined property "INIT_1E =  0000000000000000000000000000000000000000000000000000000000000000" for instance <RAMB16_S36_inst_3> in unit <RAM2048x32>.
    Set user-defined property "INIT_1F =  0000000000000000000000000000000000000000000000000000000000000000" for instance <RAMB16_S36_inst_3> in unit <RAM2048x32>.
    Set user-defined property "INIT_20 =  0000000000000000000000000000000000000000000000000000000000000000" for instance <RAMB16_S36_inst_3> in unit <RAM2048x32>.
    Set user-defined property "INIT_21 =  0000000000000000000000000000000000000000000000000000000000000000" for instance <RAMB16_S36_inst_3> in unit <RAM2048x32>.
    Set user-defined property "INIT_22 =  0000000000000000000000000000000000000000000000000000000000000000" for instance <RAMB16_S36_inst_3> in unit <RAM2048x32>.
    Set user-defined property "INIT_23 =  0000000000000000000000000000000000000000000000000000000000000000" for instance <RAMB16_S36_inst_3> in unit <RAM2048x32>.
    Set user-defined property "INIT_24 =  0000000000000000000000000000000000000000000000000000000000000000" for instance <RAMB16_S36_inst_3> in unit <RAM2048x32>.
    Set user-defined property "INIT_25 =  0000000000000000000000000000000000000000000000000000000000000000" for instance <RAMB16_S36_inst_3> in unit <RAM2048x32>.
    Set user-defined property "INIT_26 =  0000000000000000000000000000000000000000000000000000000000000000" for instance <RAMB16_S36_inst_3> in unit <RAM2048x32>.
    Set user-defined property "INIT_27 =  0000000000000000000000000000000000000000000000000000000000000000" for instance <RAMB16_S36_inst_3> in unit <RAM2048x32>.
    Set user-defined property "INIT_28 =  0000000000000000000000000000000000000000000000000000000000000000" for instance <RAMB16_S36_inst_3> in unit <RAM2048x32>.
    Set user-defined property "INIT_29 =  0000000000000000000000000000000000000000000000000000000000000000" for instance <RAMB16_S36_inst_3> in unit <RAM2048x32>.
    Set user-defined property "INIT_2A =  0000000000000000000000000000000000000000000000000000000000000000" for instance <RAMB16_S36_inst_3> in unit <RAM2048x32>.
    Set user-defined property "INIT_2B =  0000000000000000000000000000000000000000000000000000000000000000" for instance <RAMB16_S36_inst_3> in unit <RAM2048x32>.
    Set user-defined property "INIT_2C =  0000000000000000000000000000000000000000000000000000000000000000" for instance <RAMB16_S36_inst_3> in unit <RAM2048x32>.
    Set user-defined property "INIT_2D =  0000000000000000000000000000000000000000000000000000000000000000" for instance <RAMB16_S36_inst_3> in unit <RAM2048x32>.
    Set user-defined property "INIT_2E =  0000000000000000000000000000000000000000000000000000000000000000" for instance <RAMB16_S36_inst_3> in unit <RAM2048x32>.
    Set user-defined property "INIT_2F =  0000000000000000000000000000000000000000000000000000000000000000" for instance <RAMB16_S36_inst_3> in unit <RAM2048x32>.
    Set user-defined property "INIT_30 =  0000000000000000000000000000000000000000000000000000000000000000" for instance <RAMB16_S36_inst_3> in unit <RAM2048x32>.
    Set user-defined property "INIT_31 =  0000000000000000000000000000000000000000000000000000000000000000" for instance <RAMB16_S36_inst_3> in unit <RAM2048x32>.
    Set user-defined property "INIT_32 =  0000000000000000000000000000000000000000000000000000000000000000" for instance <RAMB16_S36_inst_3> in unit <RAM2048x32>.
    Set user-defined property "INIT_33 =  0000000000000000000000000000000000000000000000000000000000000000" for instance <RAMB16_S36_inst_3> in unit <RAM2048x32>.
    Set user-defined property "INIT_34 =  0000000000000000000000000000000000000000000000000000000000000000" for instance <RAMB16_S36_inst_3> in unit <RAM2048x32>.
    Set user-defined property "INIT_35 =  0000000000000000000000000000000000000000000000000000000000000000" for instance <RAMB16_S36_inst_3> in unit <RAM2048x32>.
    Set user-defined property "INIT_36 =  0000000000000000000000000000000000000000000000000000000000000000" for instance <RAMB16_S36_inst_3> in unit <RAM2048x32>.
    Set user-defined property "INIT_37 =  0000000000000000000000000000000000000000000000000000000000000000" for instance <RAMB16_S36_inst_3> in unit <RAM2048x32>.
    Set user-defined property "INIT_38 =  0000000000000000000000000000000000000000000000000000000000000000" for instance <RAMB16_S36_inst_3> in unit <RAM2048x32>.
    Set user-defined property "INIT_39 =  0000000000000000000000000000000000000000000000000000000000000000" for instance <RAMB16_S36_inst_3> in unit <RAM2048x32>.
    Set user-defined property "INIT_3A =  0000000000000000000000000000000000000000000000000000000000000000" for instance <RAMB16_S36_inst_3> in unit <RAM2048x32>.
    Set user-defined property "INIT_3B =  0000000000000000000000000000000000000000000000000000000000000000" for instance <RAMB16_S36_inst_3> in unit <RAM2048x32>.
    Set user-defined property "INIT_3C =  0000000000000000000000000000000000000000000000000000000000000000" for instance <RAMB16_S36_inst_3> in unit <RAM2048x32>.
    Set user-defined property "INIT_3D =  0000000000000000000000000000000000000000000000000000000000000000" for instance <RAMB16_S36_inst_3> in unit <RAM2048x32>.
    Set user-defined property "INIT_3E =  0000000000000000000000000000000000000000000000000000000000000000" for instance <RAMB16_S36_inst_3> in unit <RAM2048x32>.
    Set user-defined property "INIT_3F =  0000000000000000000000000000000000000000000000000000000000000000" for instance <RAMB16_S36_inst_3> in unit <RAM2048x32>.
    Set user-defined property "SRVAL =  000000000" for instance <RAMB16_S36_inst_3> in unit <RAM2048x32>.
    Set user-defined property "WRITE_MODE =  WRITE_FIRST" for instance <RAMB16_S36_inst_3> in unit <RAM2048x32>.
    Set user-defined property "INIT =  000000000" for instance <RAMB16_S36_inst_4> in unit <RAM2048x32>.
    Set user-defined property "INITP_00 =  0000000000000000000000000000000000000000000000000000000000000000" for instance <RAMB16_S36_inst_4> in unit <RAM2048x32>.
    Set user-defined property "INITP_01 =  0000000000000000000000000000000000000000000000000000000000000000" for instance <RAMB16_S36_inst_4> in unit <RAM2048x32>.
    Set user-defined property "INITP_02 =  0000000000000000000000000000000000000000000000000000000000000000" for instance <RAMB16_S36_inst_4> in unit <RAM2048x32>.
    Set user-defined property "INITP_03 =  0000000000000000000000000000000000000000000000000000000000000000" for instance <RAMB16_S36_inst_4> in unit <RAM2048x32>.
    Set user-defined property "INITP_04 =  0000000000000000000000000000000000000000000000000000000000000000" for instance <RAMB16_S36_inst_4> in unit <RAM2048x32>.
    Set user-defined property "INITP_05 =  0000000000000000000000000000000000000000000000000000000000000000" for instance <RAMB16_S36_inst_4> in unit <RAM2048x32>.
    Set user-defined property "INITP_06 =  0000000000000000000000000000000000000000000000000000000000000000" for instance <RAMB16_S36_inst_4> in unit <RAM2048x32>.
    Set user-defined property "INITP_07 =  0000000000000000000000000000000000000000000000000000000000000000" for instance <RAMB16_S36_inst_4> in unit <RAM2048x32>.
    Set user-defined property "INIT_00 =  0000000000000000000000000000000000000000000000000000000000000000" for instance <RAMB16_S36_inst_4> in unit <RAM2048x32>.
    Set user-defined property "INIT_01 =  0000000000000000000000000000000000000000000000000000000000000000" for instance <RAMB16_S36_inst_4> in unit <RAM2048x32>.
    Set user-defined property "INIT_02 =  0000000000000000000000000000000000000000000000000000000000000000" for instance <RAMB16_S36_inst_4> in unit <RAM2048x32>.
    Set user-defined property "INIT_03 =  0000000000000000000000000000000000000000000000000000000000000000" for instance <RAMB16_S36_inst_4> in unit <RAM2048x32>.
    Set user-defined property "INIT_04 =  0000000000000000000000000000000000000000000000000000000000000000" for instance <RAMB16_S36_inst_4> in unit <RAM2048x32>.
    Set user-defined property "INIT_05 =  0000000000000000000000000000000000000000000000000000000000000000" for instance <RAMB16_S36_inst_4> in unit <RAM2048x32>.
    Set user-defined property "INIT_06 =  0000000000000000000000000000000000000000000000000000000000000000" for instance <RAMB16_S36_inst_4> in unit <RAM2048x32>.
    Set user-defined property "INIT_07 =  0000000000000000000000000000000000000000000000000000000000000000" for instance <RAMB16_S36_inst_4> in unit <RAM2048x32>.
    Set user-defined property "INIT_08 =  0000000000000000000000000000000000000000000000000000000000000000" for instance <RAMB16_S36_inst_4> in unit <RAM2048x32>.
    Set user-defined property "INIT_09 =  0000000000000000000000000000000000000000000000000000000000000000" for instance <RAMB16_S36_inst_4> in unit <RAM2048x32>.
    Set user-defined property "INIT_0A =  0000000000000000000000000000000000000000000000000000000000000000" for instance <RAMB16_S36_inst_4> in unit <RAM2048x32>.
    Set user-defined property "INIT_0B =  0000000000000000000000000000000000000000000000000000000000000000" for instance <RAMB16_S36_inst_4> in unit <RAM2048x32>.
    Set user-defined property "INIT_0C =  0000000000000000000000000000000000000000000000000000000000000000" for instance <RAMB16_S36_inst_4> in unit <RAM2048x32>.
    Set user-defined property "INIT_0D =  0000000000000000000000000000000000000000000000000000000000000000" for instance <RAMB16_S36_inst_4> in unit <RAM2048x32>.
    Set user-defined property "INIT_0E =  0000000000000000000000000000000000000000000000000000000000000000" for instance <RAMB16_S36_inst_4> in unit <RAM2048x32>.
    Set user-defined property "INIT_0F =  0000000000000000000000000000000000000000000000000000000000000000" for instance <RAMB16_S36_inst_4> in unit <RAM2048x32>.
    Set user-defined property "INIT_10 =  0000000000000000000000000000000000000000000000000000000000000000" for instance <RAMB16_S36_inst_4> in unit <RAM2048x32>.
    Set user-defined property "INIT_11 =  0000000000000000000000000000000000000000000000000000000000000000" for instance <RAMB16_S36_inst_4> in unit <RAM2048x32>.
    Set user-defined property "INIT_12 =  0000000000000000000000000000000000000000000000000000000000000000" for instance <RAMB16_S36_inst_4> in unit <RAM2048x32>.
    Set user-defined property "INIT_13 =  0000000000000000000000000000000000000000000000000000000000000000" for instance <RAMB16_S36_inst_4> in unit <RAM2048x32>.
    Set user-defined property "INIT_14 =  0000000000000000000000000000000000000000000000000000000000000000" for instance <RAMB16_S36_inst_4> in unit <RAM2048x32>.
    Set user-defined property "INIT_15 =  0000000000000000000000000000000000000000000000000000000000000000" for instance <RAMB16_S36_inst_4> in unit <RAM2048x32>.
    Set user-defined property "INIT_16 =  0000000000000000000000000000000000000000000000000000000000000000" for instance <RAMB16_S36_inst_4> in unit <RAM2048x32>.
    Set user-defined property "INIT_17 =  0000000000000000000000000000000000000000000000000000000000000000" for instance <RAMB16_S36_inst_4> in unit <RAM2048x32>.
    Set user-defined property "INIT_18 =  0000000000000000000000000000000000000000000000000000000000000000" for instance <RAMB16_S36_inst_4> in unit <RAM2048x32>.
    Set user-defined property "INIT_19 =  0000000000000000000000000000000000000000000000000000000000000000" for instance <RAMB16_S36_inst_4> in unit <RAM2048x32>.
    Set user-defined property "INIT_1A =  0000000000000000000000000000000000000000000000000000000000000000" for instance <RAMB16_S36_inst_4> in unit <RAM2048x32>.
    Set user-defined property "INIT_1B =  0000000000000000000000000000000000000000000000000000000000000000" for instance <RAMB16_S36_inst_4> in unit <RAM2048x32>.
    Set user-defined property "INIT_1C =  0000000000000000000000000000000000000000000000000000000000000000" for instance <RAMB16_S36_inst_4> in unit <RAM2048x32>.
    Set user-defined property "INIT_1D =  0000000000000000000000000000000000000000000000000000000000000000" for instance <RAMB16_S36_inst_4> in unit <RAM2048x32>.
    Set user-defined property "INIT_1E =  0000000000000000000000000000000000000000000000000000000000000000" for instance <RAMB16_S36_inst_4> in unit <RAM2048x32>.
    Set user-defined property "INIT_1F =  0000000000000000000000000000000000000000000000000000000000000000" for instance <RAMB16_S36_inst_4> in unit <RAM2048x32>.
    Set user-defined property "INIT_20 =  0000000000000000000000000000000000000000000000000000000000000000" for instance <RAMB16_S36_inst_4> in unit <RAM2048x32>.
    Set user-defined property "INIT_21 =  0000000000000000000000000000000000000000000000000000000000000000" for instance <RAMB16_S36_inst_4> in unit <RAM2048x32>.
    Set user-defined property "INIT_22 =  0000000000000000000000000000000000000000000000000000000000000000" for instance <RAMB16_S36_inst_4> in unit <RAM2048x32>.
    Set user-defined property "INIT_23 =  0000000000000000000000000000000000000000000000000000000000000000" for instance <RAMB16_S36_inst_4> in unit <RAM2048x32>.
    Set user-defined property "INIT_24 =  0000000000000000000000000000000000000000000000000000000000000000" for instance <RAMB16_S36_inst_4> in unit <RAM2048x32>.
    Set user-defined property "INIT_25 =  0000000000000000000000000000000000000000000000000000000000000000" for instance <RAMB16_S36_inst_4> in unit <RAM2048x32>.
    Set user-defined property "INIT_26 =  0000000000000000000000000000000000000000000000000000000000000000" for instance <RAMB16_S36_inst_4> in unit <RAM2048x32>.
    Set user-defined property "INIT_27 =  0000000000000000000000000000000000000000000000000000000000000000" for instance <RAMB16_S36_inst_4> in unit <RAM2048x32>.
    Set user-defined property "INIT_28 =  0000000000000000000000000000000000000000000000000000000000000000" for instance <RAMB16_S36_inst_4> in unit <RAM2048x32>.
    Set user-defined property "INIT_29 =  0000000000000000000000000000000000000000000000000000000000000000" for instance <RAMB16_S36_inst_4> in unit <RAM2048x32>.
    Set user-defined property "INIT_2A =  0000000000000000000000000000000000000000000000000000000000000000" for instance <RAMB16_S36_inst_4> in unit <RAM2048x32>.
    Set user-defined property "INIT_2B =  0000000000000000000000000000000000000000000000000000000000000000" for instance <RAMB16_S36_inst_4> in unit <RAM2048x32>.
    Set user-defined property "INIT_2C =  0000000000000000000000000000000000000000000000000000000000000000" for instance <RAMB16_S36_inst_4> in unit <RAM2048x32>.
    Set user-defined property "INIT_2D =  0000000000000000000000000000000000000000000000000000000000000000" for instance <RAMB16_S36_inst_4> in unit <RAM2048x32>.
    Set user-defined property "INIT_2E =  0000000000000000000000000000000000000000000000000000000000000000" for instance <RAMB16_S36_inst_4> in unit <RAM2048x32>.
    Set user-defined property "INIT_2F =  0000000000000000000000000000000000000000000000000000000000000000" for instance <RAMB16_S36_inst_4> in unit <RAM2048x32>.
    Set user-defined property "INIT_30 =  0000000000000000000000000000000000000000000000000000000000000000" for instance <RAMB16_S36_inst_4> in unit <RAM2048x32>.
    Set user-defined property "INIT_31 =  0000000000000000000000000000000000000000000000000000000000000000" for instance <RAMB16_S36_inst_4> in unit <RAM2048x32>.
    Set user-defined property "INIT_32 =  0000000000000000000000000000000000000000000000000000000000000000" for instance <RAMB16_S36_inst_4> in unit <RAM2048x32>.
    Set user-defined property "INIT_33 =  0000000000000000000000000000000000000000000000000000000000000000" for instance <RAMB16_S36_inst_4> in unit <RAM2048x32>.
    Set user-defined property "INIT_34 =  0000000000000000000000000000000000000000000000000000000000000000" for instance <RAMB16_S36_inst_4> in unit <RAM2048x32>.
    Set user-defined property "INIT_35 =  0000000000000000000000000000000000000000000000000000000000000000" for instance <RAMB16_S36_inst_4> in unit <RAM2048x32>.
    Set user-defined property "INIT_36 =  0000000000000000000000000000000000000000000000000000000000000000" for instance <RAMB16_S36_inst_4> in unit <RAM2048x32>.
    Set user-defined property "INIT_37 =  0000000000000000000000000000000000000000000000000000000000000000" for instance <RAMB16_S36_inst_4> in unit <RAM2048x32>.
    Set user-defined property "INIT_38 =  0000000000000000000000000000000000000000000000000000000000000000" for instance <RAMB16_S36_inst_4> in unit <RAM2048x32>.
    Set user-defined property "INIT_39 =  0000000000000000000000000000000000000000000000000000000000000000" for instance <RAMB16_S36_inst_4> in unit <RAM2048x32>.
    Set user-defined property "INIT_3A =  0000000000000000000000000000000000000000000000000000000000000000" for instance <RAMB16_S36_inst_4> in unit <RAM2048x32>.
    Set user-defined property "INIT_3B =  0000000000000000000000000000000000000000000000000000000000000000" for instance <RAMB16_S36_inst_4> in unit <RAM2048x32>.
    Set user-defined property "INIT_3C =  0000000000000000000000000000000000000000000000000000000000000000" for instance <RAMB16_S36_inst_4> in unit <RAM2048x32>.
    Set user-defined property "INIT_3D =  0000000000000000000000000000000000000000000000000000000000000000" for instance <RAMB16_S36_inst_4> in unit <RAM2048x32>.
    Set user-defined property "INIT_3E =  0000000000000000000000000000000000000000000000000000000000000000" for instance <RAMB16_S36_inst_4> in unit <RAM2048x32>.
    Set user-defined property "INIT_3F =  0000000000000000000000000000000000000000000000000000000000000000" for instance <RAMB16_S36_inst_4> in unit <RAM2048x32>.
    Set user-defined property "SRVAL =  000000000" for instance <RAMB16_S36_inst_4> in unit <RAM2048x32>.
    Set user-defined property "WRITE_MODE =  WRITE_FIRST" for instance <RAMB16_S36_inst_4> in unit <RAM2048x32>.
Entity <RAM2048x32> analyzed. Unit <RAM2048x32> generated.

Analyzing Entity <SPI_flash> in library <work> (Architecture <rtl>).
Entity <SPI_flash> analyzed. Unit <SPI_flash> generated.

Analyzing Entity <IO_controler> in library <work> (Architecture <rtl>).
Entity <IO_controler> analyzed. Unit <IO_controler> generated.

Analyzing Entity <IO_WE_controler> in library <work> (Architecture <rtl>).
Entity <IO_WE_controler> analyzed. Unit <IO_WE_controler> generated.

Analyzing Entity <GPIO> in library <work> (Architecture <rtl>).
Entity <GPIO> analyzed. Unit <GPIO> generated.

Analyzing generic Entity <Synchronizer> in library <work> (Architecture <rtl>).
	g_DATA_WIDTH = 8
Entity <Synchronizer> analyzed. Unit <Synchronizer> generated.


=========================================================================
*                           HDL Synthesis                               *
=========================================================================

Performing bidirectional port resolution...
INFO:Xst:2679 - Register <Reg<0>> in unit <registr32x4> has a constant value of 00000000000000000000000000000000 during circuit operation. The register is replaced by logic.

Synthesizing Unit <PC>.
    Related source file is "/home/ise/shared_dir/CPU/PC.vhd".
    Found 1-bit register for signal <Int_runnig>.
    Found 11-bit register for signal <mepc>.
    Found 11-bit register for signal <PC_reg>.
    Summary:
	inferred  23 D-type flip-flop(s).
Unit <PC> synthesized.


Synthesizing Unit <Control_unit>.
    Related source file is "/home/ise/shared_dir/CPU/Control_unit.vhd".
WARNING:Xst:647 - Input <Inst<24:15>> is never used. This port will be preserved and left unconnected if it belongs to a top-level block or it belongs to a sub-block and the hierarchy of this sub-block is preserved.
WARNING:Xst:647 - Input <Inst<11:7>> is never used. This port will be preserved and left unconnected if it belongs to a top-level block or it belongs to a sub-block and the hierarchy of this sub-block is preserved.
    Found 11-bit register for signal <Int_bra_tar>.
    Found 1-bit register for signal <Internal_ISR>.
    Summary:
	inferred  12 D-type flip-flop(s).
Unit <Control_unit> synthesized.


Synthesizing Unit <registr32x4>.
    Related source file is "/home/ise/shared_dir/CPU/registr32x4.vhd".
    Found 32-bit 32-to-1 multiplexer for signal <RD1>.
    Found 32-bit 32-to-1 multiplexer for signal <RD2>.
    Found 992-bit register for signal <Reg<31:1>>.
INFO:Xst:738 - HDL ADVISOR - 992 flip-flops were inferred for signal <Reg>. You may be trying to describe a RAM in a way that is incompatible with block and distributed RAM resources available on Xilinx devices, or with a specific template that is not supported. Please review the Xilinx resources documentation and the XST user manual for coding guidelines. Taking advantage of RAM resources will lead to improved device usage and reduced synthesis time.
    Summary:
	inferred 992 D-type flip-flop(s).
	inferred  64 Multiplexer(s).
Unit <registr32x4> synthesized.


Synthesizing Unit <Imm_decode>.
    Related source file is "/home/ise/shared_dir/CPU/Imm_decode.vhd".
WARNING:Xst:647 - Input <Inst<6:0>> is never used. This port will be preserved and left unconnected if it belongs to a top-level block or it belongs to a sub-block and the hierarchy of this sub-block is preserved.
Unit <Imm_decode> synthesized.


Synthesizing Unit <ALU>.
    Related source file is "/home/ise/shared_dir/CPU/ALU.vhd".
WARNING:Xst:737 - Found 32-bit latch for signal <ALU_result>. Latches may be generated from incomplete case or if statements. We do not recommend the use of latches in FPGA/CPLD designs, as they may lead to timing problems.
INFO:Xst:2371 - HDL ADVISOR - Logic functions respectively driving the data and gate enable inputs of this latch share common terms. This situation will potentially lead to setup/hold violations and, as a result, to simulation problems. This situation may come from an incomplete case statement (all selector values are not covered). You should carefully review if it was in your intentions to describe such a latch.
    Found 32-bit addsub for signal <ALU_result$addsub0000>.
    Found 32-bit comparator less for signal <ALU_result$cmp_lt0000> created at line 25.
    Summary:
	inferred   1 Adder/Subtractor(s).
	inferred   1 Comparator(s).
Unit <ALU> synthesized.


Synthesizing Unit <SPI_flash>.
    Related source file is "/home/ise/shared_dir/CPU/periferie/SPI_flash.vhd".
    Found finite state machine <FSM_0> for signal <State>.
    -----------------------------------------------------------------------
    | States             | 7                                              |
    | Transitions        | 53                                             |
    | Inputs             | 5                                              |
    | Outputs            | 10                                             |
    | Clock              | clk                       (rising_edge)        |
    | Clock enable       | State$not0000             (positive)           |
    | Reset              | rst                       (positive)           |
    | Reset type         | synchronous                                    |
    | Reset State        | idle                                           |
    | Power Up State     | idle                                           |
    | Encoding           | automatic                                      |
    | Implementation     | LUT                                            |
    -----------------------------------------------------------------------
    Found 1-bit register for signal <SPI_cs_n>.
    Found 32-bit register for signal <Data_o>.
    Found 1-bit register for signal <Read_done>.
    Found 3-bit register for signal <Bit_cnt>.
    Found 3-bit subtractor for signal <Bit_cnt$sub0000> created at line 90.
    Found 2-bit up counter for signal <clk_div_cnt>.
    Found 24-bit register for signal <Data_o_array>.
    Found 2-bit up counter for signal <Data_o_cnt>.
    Found 1-bit register for signal <sclk_reg>.
    Found 8-bit register for signal <Shift_reg>.
    Found 1-bit register for signal <spi_tick>.
    Summary:
	inferred   1 Finite State Machine(s).
	inferred   2 Counter(s).
	inferred  71 D-type flip-flop(s).
	inferred   1 Adder/Subtractor(s).
Unit <SPI_flash> synthesized.


Synthesizing Unit <IO_WE_controler>.
    Related source file is "/home/ise/shared_dir/CPU/periferie/IO_WE_Controler.vhd".
    Found 32-bit comparator greatequal for signal <WE_GPIO$cmp_ge0000> created at line 20.
    Found 32-bit comparator lessequal for signal <WE_GPIO$cmp_le0000> created at line 20.
    Summary:
	inferred   2 Comparator(s).
Unit <IO_WE_controler> synthesized.


Synthesizing Unit <Synchronizer>.
    Related source file is "/home/ise/shared_dir/CPU/synchronizer.vhd".
    Found 8-bit register for signal <Semi_sync_1>.
    Found 8-bit register for signal <Semi_sync_2>.
    Summary:
	inferred  16 D-type flip-flop(s).
Unit <Synchronizer> synthesized.


Synthesizing Unit <RAM2048x32>.
    Related source file is "/home/ise/shared_dir/CPU/RAM2048x36.vhd".
WARNING:Xst:646 - Signal <Parity_dummy_4> is assigned but never used. This unconnected signal will be trimmed during the optimization process.
WARNING:Xst:646 - Signal <Parity_dummy_3> is assigned but never used. This unconnected signal will be trimmed during the optimization process.
WARNING:Xst:646 - Signal <Parity_dummy_2> is assigned but never used. This unconnected signal will be trimmed during the optimization process.
WARNING:Xst:646 - Signal <Parity_dummy_1> is assigned but never used. This unconnected signal will be trimmed during the optimization process.
    Found 32-bit 4-to-1 multiplexer for signal <Data_o>.
    Summary:
	inferred  32 Multiplexer(s).
Unit <RAM2048x32> synthesized.


Synthesizing Unit <GPIO>.
    Related source file is "/home/ise/shared_dir/CPU/periferie/GPIO.vhd".
    Found 8-bit tristate buffer for signal <GPIO_pins_io>.
    Found 8-bit register for signal <Data_reg_TX>.
    Found 8-bit register for signal <Dir_reg>.
    Found 8-bit xor2 for signal <Edge_detected>.
    Found 8-bit register for signal <Int_En_reg>.
    Found 8-bit register for signal <Int_State_reg>.
    Found 8-bit register for signal <Prev_data_reg_i>.
    Summary:
	inferred  40 D-type flip-flop(s).
	inferred   8 Tristate(s).
Unit <GPIO> synthesized.


Synthesizing Unit <IO_controler>.
    Related source file is "/home/ise/shared_dir/CPU/IO_controler.vhd".
WARNING:Xst:647 - Input <Bus_data_i<31:8>> is never used. This port will be preserved and left unconnected if it belongs to a top-level block or it belongs to a sub-block and the hierarchy of this sub-block is preserved.
WARNING:Xst:737 - Found 8-bit latch for signal <W_IMR_internal>. Latches may be generated from incomplete case or if statements. We do not recommend the use of latches in FPGA/CPLD designs, as they may lead to timing problems.
    Found 32-bit comparator greatequal for signal <Bus_data_o$cmp_ge0000> created at line 70.
    Found 32-bit comparator lessequal for signal <Bus_data_o$cmp_le0000> created at line 70.
    Summary:
	inferred   2 Comparator(s).
Unit <IO_controler> synthesized.


Synthesizing Unit <CPU>.
    Related source file is "/home/ise/shared_dir/CPU/CPU.vhd".
    Found 1-bit register for signal <Last_SPI_Read_en>.
    Found 1-bit xor2 for signal <PC_i$xor0000> created at line 312.
    Found 11-bit adder for signal <PC_plus_4>.
    Found 11-bit adder for signal <PC_plus_imm>.
    Found 1-bit register for signal <rst>.
    Found 1-bit register for signal <Semi_sync_rst>.
    Found 1-bit register for signal <SPI_Read_en>.
    Found 1-bit register for signal <stall>.
    Found 1-bit register for signal <WE_inst_mem>.
    Summary:
	inferred   6 D-type flip-flop(s).
	inferred   2 Adder/Subtractor(s).
Unit <CPU> synthesized.

INFO:Xst:1767 - HDL ADVISOR - Resource sharing has identified that some arithmetic operations in this design can share the same physical resources for reduced device utilization. For improved clock frequency you may try to disable resource sharing.

=========================================================================
HDL Synthesis Report

Macro Statistics
# Adders/Subtractors                                   : 4
 11-bit adder                                          : 2
 3-bit subtractor                                      : 1
 32-bit addsub                                         : 1
# Counters                                             : 2
 2-bit up counter                                      : 2
# Registers                                            : 73
 1-bit register                                        : 28
 11-bit register                                       : 3
 3-bit register                                        : 1
 32-bit register                                       : 32
 8-bit register                                        : 9
# Latches                                              : 2
 32-bit latch                                          : 1
 8-bit latch                                           : 1
# Comparators                                          : 5
 32-bit comparator greatequal                          : 2
 32-bit comparator less                                : 1
 32-bit comparator lessequal                           : 2
# Multiplexers                                         : 4
 32-bit 32-to-1 multiplexer                            : 2
 32-bit 4-to-1 multiplexer                             : 2
# Tristates                                            : 8
 1-bit tristate buffer                                 : 8
# Xors                                                 : 2
 1-bit xor2                                            : 1
 8-bit xor2                                            : 1

=========================================================================

=========================================================================
*                       Advanced HDL Synthesis                          *
=========================================================================

Analyzing FSM <FSM_0> for best encoding.
Optimizing FSM <SPI_flash_inst/State/FSM> on signal <State[1:3]> with user encoding.
-------------------------
 State       | Encoding
-------------------------
 idle        | 000
 send_cmd    | 001
 send_addr_2 | 010
 send_addr_1 | 011
 send_addr_0 | 100
 read_loop   | 101
 cleanup     | 110
-------------------------
INFO:Xst:2261 - The FF/Latch <Int_bra_tar_0> in Unit <Control_unit_inst> is equivalent to the following 6 FFs/Latches, which will be removed : <Int_bra_tar_1> <Int_bra_tar_4> <Int_bra_tar_7> <Int_bra_tar_8> <Int_bra_tar_9> <Int_bra_tar_10> 
INFO:Xst:2261 - The FF/Latch <Int_bra_tar_2> in Unit <Control_unit_inst> is equivalent to the following 3 FFs/Latches, which will be removed : <Int_bra_tar_3> <Int_bra_tar_5> <Int_bra_tar_6> 
WARNING:Xst:1710 - FF/Latch <Int_bra_tar_0> (without init value) has a constant value of 0 in block <Control_unit_inst>. This FF/Latch will be trimmed during the optimization process.
WARNING:Xst:2404 -  FFs/Latches <Int_bra_tar<10:7>> (without init value) have a constant value of 0 in block <Control_unit>.

=========================================================================
Advanced HDL Synthesis Report

Macro Statistics
# FSMs                                                 : 1
# Adders/Subtractors                                   : 4
 11-bit adder                                          : 2
 3-bit subtractor                                      : 1
 32-bit addsub                                         : 1
# Counters                                             : 2
 2-bit up counter                                      : 2
# Registers                                            : 1156
 Flip-Flops                                            : 1156
# Latches                                              : 2
 32-bit latch                                          : 1
 8-bit latch                                           : 1
# Comparators                                          : 5
 32-bit comparator greatequal                          : 2
 32-bit comparator less                                : 1
 32-bit comparator lessequal                           : 2
# Multiplexers                                         : 66
 1-bit 32-to-1 multiplexer                             : 64
 32-bit 4-to-1 multiplexer                             : 2
# Xors                                                 : 2
 1-bit xor2                                            : 1
 8-bit xor2                                            : 1

=========================================================================

=========================================================================
*                         Low Level Synthesis                           *
=========================================================================
WARNING:Xst:1710 - FF/Latch <Int_bra_tar_0> (without init value) has a constant value of 0 in block <Control_unit>. This FF/Latch will be trimmed during the optimization process.
WARNING:Xst:1895 - Due to other FF/Latch trimming, FF/Latch <Int_bra_tar_1> (without init value) has a constant value of 0 in block <Control_unit>. This FF/Latch will be trimmed during the optimization process.
WARNING:Xst:1895 - Due to other FF/Latch trimming, FF/Latch <Int_bra_tar_4> (without init value) has a constant value of 0 in block <Control_unit>. This FF/Latch will be trimmed during the optimization process.
INFO:Xst:2261 - The FF/Latch <Int_bra_tar_2> in Unit <Control_unit> is equivalent to the following 3 FFs/Latches, which will be removed : <Int_bra_tar_3> <Int_bra_tar_5> <Int_bra_tar_6> 

Optimizing unit <CPU> ...

Optimizing unit <PC> ...

Optimizing unit <Control_unit> ...

Optimizing unit <registr32x4> ...

Optimizing unit <SPI_flash> ...

Optimizing unit <Synchronizer> ...

Optimizing unit <RAM2048x32> ...

Optimizing unit <ALU> ...
WARNING:Xst:1898 - Due to constant pushing, FF/Latch <IO_controler_inst/W_IMR_internal_1> is unconnected in block <CPU>.
WARNING:Xst:1898 - Due to constant pushing, FF/Latch <IO_controler_inst/W_IMR_internal_2> is unconnected in block <CPU>.
WARNING:Xst:1898 - Due to constant pushing, FF/Latch <IO_controler_inst/W_IMR_internal_3> is unconnected in block <CPU>.
WARNING:Xst:1898 - Due to constant pushing, FF/Latch <IO_controler_inst/W_IMR_internal_4> is unconnected in block <CPU>.
WARNING:Xst:1898 - Due to constant pushing, FF/Latch <IO_controler_inst/W_IMR_internal_5> is unconnected in block <CPU>.
WARNING:Xst:1898 - Due to constant pushing, FF/Latch <IO_controler_inst/W_IMR_internal_6> is unconnected in block <CPU>.
WARNING:Xst:1898 - Due to constant pushing, FF/Latch <IO_controler_inst/W_IMR_internal_7> is unconnected in block <CPU>.

Mapping all equations...
Building and optimizing final netlist ...
Found area constraint ratio of 100 (+ 5) on block CPU, actual ratio is 30.

Final Macro Processing ...

Processing Unit <CPU> :
	Found 2-bit shift register for signal <rst>.
Unit <CPU> processed.

=========================================================================
Final Register Report

Macro Statistics
# Registers                                            : 1155
 Flip-Flops                                            : 1155
# Shift Registers                                      : 1
 2-bit shift register                                  : 1

=========================================================================

=========================================================================
*                           Partition Report                            *
=========================================================================

Partition Implementation Status
-------------------------------

  No Partitions were found in this design.

-------------------------------

=========================================================================
*                            Final Report                               *
=========================================================================
Final Results
RTL Top Level Output File Name     : CPU.ngr
Top Level Output File Name         : CPU
Output Format                      : NGC
Optimization Goal                  : Speed
Keep Hierarchy                     : No

Design Statistics
# IOs                              : 14

Cell Usage :
# BELS                             : 3039
#      GND                         : 1
#      INV                         : 15
#      LUT1                        : 16
#      LUT2                        : 87
#      LUT2_D                      : 1
#      LUT2_L                      : 1
#      LUT3                        : 724
#      LUT3_D                      : 4
#      LUT3_L                      : 6
#      LUT4                        : 930
#      LUT4_D                      : 20
#      LUT4_L                      : 14
#      MUXCY                       : 127
#      MUXF5                       : 592
#      MUXF6                       : 256
#      MUXF7                       : 128
#      MUXF8                       : 64
#      VCC                         : 1
#      XORCY                       : 52
# FlipFlops/Latches                : 1189
#      FD                          : 10
#      FDCE                        : 1
#      FDE                         : 67
#      FDR                         : 22
#      FDRE                        : 1045
#      FDRSE                       : 9
#      FDSE                        : 2
#      LD                          : 32
#      LDE                         : 1
# RAMS                             : 8
#      RAMB16_S36                  : 8
# Shift Registers                  : 1
#      SRL16                       : 1
# Clock Buffers                    : 2
#      BUFG                        : 1
#      BUFGP                       : 1
# IO Buffers                       : 13
#      IBUF                        : 2
#      IOBUF                       : 8
#      OBUF                        : 3
=========================================================================

Device utilization summary:
---------------------------

Selected Device : 3s500efg320-4 

 Number of Slices:                     1407  out of   4656    30%  
 Number of Slice Flip Flops:           1189  out of   9312    12%  
 Number of 4 input LUTs:               1819  out of   9312    19%  
    Number used as logic:              1818
    Number used as Shift registers:       1
 Number of IOs:                          14
 Number of bonded IOBs:                  14  out of    232     6%  
 Number of BRAMs:                         8  out of     20    40%  
 Number of GCLKs:                         2  out of     24     8%  

---------------------------
Partition Resource Summary:
---------------------------

  No Partitions were found in this design.

---------------------------


=========================================================================
TIMING REPORT

NOTE: THESE TIMING NUMBERS ARE ONLY A SYNTHESIS ESTIMATE.
      FOR ACCURATE TIMING INFORMATION PLEASE REFER TO THE TRACE REPORT
      GENERATED AFTER PLACE-and-ROUTE.

Clock Information:
------------------
-------------------------------------------------------------------------------------------+--------------------------------------------+-------+
Clock Signal                                                                               | Clock buffer(FF name)                      | Load  |
-------------------------------------------------------------------------------------------+--------------------------------------------+-------+
clk                                                                                        | BUFGP                                      | 1165  |
IO_controler_inst/W_IMR_internal_cmp_eq0000(IO_controler_inst/W_IMR_internal_cmp_eq00001:O)| NONE(*)(IO_controler_inst/W_IMR_internal_0)| 1     |
ALU_inst/ALU_result_or00001(ALU_inst/ALU_result_or00001:O)                                 | BUFG(*)(ALU_inst/ALU_result_31)            | 32    |
-------------------------------------------------------------------------------------------+--------------------------------------------+-------+
(*) These 2 clock signal(s) are generated by combinatorial logic,
and XST is not able to identify which are the primary clock signals.
Please use the CLOCK_SIGNAL constraint to specify the clock signal(s) generated by combinatorial logic.
INFO:Xst:2169 - HDL ADVISOR - Some clock signals were not automatically buffered by XST with BUFG/BUFR resources. Please use the buffer_type constraint in order to insert these buffers to the clock signals to help prevent skew problems.

Asynchronous Control Signals Information:
----------------------------------------
--------------------------------------------------------------------------------------+-------------------------------------+-------+
Control Signal                                                                        | Buffer(FF name)                     | Load  |
--------------------------------------------------------------------------------------+-------------------------------------+-------+
Control_unit_inst/Internal_ISR_cmp_eq0000(Control_unit_inst/Internal_ISR_cmp_eq0000:O)| NONE(Control_unit_inst/Internal_ISR)| 1     |
--------------------------------------------------------------------------------------+-------------------------------------+-------+

Timing Summary:
---------------
Speed Grade: -4

   Minimum period: 18.932ns (Maximum Frequency: 52.821MHz)
   Minimum input arrival time before clock: 4.445ns
   Maximum output required time after clock: 5.574ns
   Maximum combinational path delay: No path found

Timing Detail:
--------------
All values displayed in nanoseconds (ns)

=========================================================================
Timing constraint: Default period analysis for Clock 'clk'
  Clock period: 18.932ns (frequency: 52.821MHz)
  Total number of paths / destination ports: 723732 / 3663
-------------------------------------------------------------------------
Delay:               9.466ns (Levels of Logic = 7)
  Source:            Instr_mem/RAMB16_S36_inst_2 (RAM)
  Destination:       Data_mem/RAMB16_S36_inst_4 (RAM)
  Source Clock:      clk rising
  Destination Clock: clk falling

  Data Path: Instr_mem/RAMB16_S36_inst_2 to Data_mem/RAMB16_S36_inst_4
                                Gate     Net
    Cell:in->out      fanout   Delay   Delay  Logical Name (Net Name)
    ----------------------------------------  ------------
     RAMB16_S36:CLK->DO20    1   2.800   0.455  Instr_mem/RAMB16_S36_inst_2 (Instr_mem/Data_o_reg_2<20>)
     LUT4:I2->O            1   0.704   0.000  Inst<20>1_F (N218)
     MUXF5:I0->O         515   0.321   1.489  Inst<20>1 (Inst<20>)
     LUT2:I1->O            1   0.704   0.000  registr32x4_inst/mux32_10 (registr32x4_inst/mux32_10)
     MUXF5:I0->O           1   0.321   0.000  registr32x4_inst/mux32_8_f5 (registr32x4_inst/mux32_8_f5)
     MUXF6:I0->O           1   0.521   0.000  registr32x4_inst/mux32_6_f6 (registr32x4_inst/mux32_6_f6)
     MUXF7:I0->O           1   0.521   0.000  registr32x4_inst/mux32_4_f7 (registr32x4_inst/mux32_4_f7)
     MUXF8:I0->O          10   0.521   0.882  registr32x4_inst/mux32_2_f8 (Data_reg_o_2<0>)
     RAMB16_S36:DI0            0.227          Data_mem/RAMB16_S36_inst_4
    ----------------------------------------
    Total                      9.466ns (6.640ns logic, 2.826ns route)
                                       (70.1% logic, 29.9% route)

=========================================================================
Timing constraint: Default OFFSET IN BEFORE for Clock 'clk'
  Total number of paths / destination ports: 10 / 10
-------------------------------------------------------------------------
Offset:              4.445ns (Levels of Logic = 4)
  Source:            SPI_i (PAD)
  Destination:       SPI_flash_inst/Shift_reg_0 (FF)
  Destination Clock: clk rising

  Data Path: SPI_i to SPI_flash_inst/Shift_reg_0
                                Gate     Net
    Cell:in->out      fanout   Delay   Delay  Logical Name (Net Name)
    ----------------------------------------  ------------
     IBUF:I->O             1   1.218   0.595  SPI_i_IBUF (SPI_i_IBUF)
     LUT3:I0->O            1   0.704   0.000  SPI_flash_inst/Shift_reg_0_mux000010_G (N313)
     MUXF5:I1->O           1   0.321   0.595  SPI_flash_inst/Shift_reg_0_mux000010 (SPI_flash_inst/Shift_reg_0_mux000010)
     LUT3:I0->O            1   0.704   0.000  SPI_flash_inst/Shift_reg_0_mux000048 (SPI_flash_inst/Shift_reg_0_mux0000)
     FDE:D                     0.308          SPI_flash_inst/Shift_reg_0
    ----------------------------------------
    Total                      4.445ns (3.255ns logic, 1.190ns route)
                                       (73.2% logic, 26.8% route)

=========================================================================
Timing constraint: Default OFFSET OUT AFTER for Clock 'clk'
  Total number of paths / destination ports: 19 / 11
-------------------------------------------------------------------------
Offset:              5.574ns (Levels of Logic = 2)
  Source:            IO_controler_inst/GPIO_inst/Dir_reg_7 (FF)
  Destination:       GPIO_pins_io<7> (PAD)
  Source Clock:      clk rising

  Data Path: IO_controler_inst/GPIO_inst/Dir_reg_7 to GPIO_pins_io<7>
                                Gate     Net
    Cell:in->out      fanout   Delay   Delay  Logical Name (Net Name)
    ----------------------------------------  ------------
     FDRE:C->Q             4   0.591   0.587  IO_controler_inst/GPIO_inst/Dir_reg_7 (IO_controler_inst/GPIO_inst/Dir_reg_7)
     INV:I->O              1   0.704   0.420  IO_controler_inst/GPIO_inst/Dir_reg<7>_inv1_INV_0 (IO_controler_inst/GPIO_inst/Dir_reg<7>_inv)
     IOBUF:T->IO               3.272          GPIO_pins_io_7_IOBUF (GPIO_pins_io<7>)
    ----------------------------------------
    Total                      5.574ns (4.567ns logic, 1.007ns route)
                                       (81.9% logic, 18.1% route)

=========================================================================


Total REAL time to Xst completion: 17.00 secs
Total CPU time to Xst completion: 14.55 secs
 
--> 


Total memory usage is 671308 kilobytes

Number of errors   :    0 (   0 filtered)
Number of warnings :   22 (   0 filtered)
Number of infos    :   10 (   0 filtered)

