Running: /opt/Xilinx/14.7/ISE_DS/ISE/bin/lin64/unwrapped/fuse -relaunch -intstyle "ise" -incremental -o "/home/ise/shared_dir/CPU/Xilinx_Project/tb_Bootloader_isim_beh.exe" -prj "/home/ise/shared_dir/CPU/Xilinx_Project/tb_Bootloader_beh.prj" "work.tb_Bootloader" 
ISim P.20131013 (signature 0xfbc00daa)
Number of CPUs detected in this system: 1
Turning on mult-threading, number of parallel sub-compilation jobs: 0 
Determining compilation order of HDL files
Parsing VHDL file "/home/ise/shared_dir/CPU/Xilinx_Project/../vhd/synchronizer.vhd" into library work
Parsing VHDL file "/home/ise/shared_dir/CPU/Xilinx_Project/../vhd/periferie/UART.vhd" into library work
Parsing VHDL file "/home/ise/shared_dir/CPU/Xilinx_Project/../vhd/periferie/SPI_flash.vhd" into library work
Parsing VHDL file "/home/ise/shared_dir/CPU/Xilinx_Project/../vhd/periferie/IO_WE_Controler.vhd" into library work
Parsing VHDL file "/home/ise/shared_dir/CPU/Xilinx_Project/../vhd/periferie/GPIO.vhd" into library work
Parsing VHDL file "/home/ise/shared_dir/CPU/Xilinx_Project/../vhd/registr32x4.vhd" into library work
Parsing VHDL file "/home/ise/shared_dir/CPU/Xilinx_Project/../vhd/RAM2048x36.vhd" into library work
Parsing VHDL file "/home/ise/shared_dir/CPU/Xilinx_Project/../vhd/periferie/IO_controler.vhd" into library work
Parsing VHDL file "/home/ise/shared_dir/CPU/Xilinx_Project/../vhd/PC.vhd" into library work
Parsing VHDL file "/home/ise/shared_dir/CPU/Xilinx_Project/../vhd/Imm_decode.vhd" into library work
Parsing VHDL file "/home/ise/shared_dir/CPU/Xilinx_Project/../vhd/Control_unit.vhd" into library work
Parsing VHDL file "/home/ise/shared_dir/CPU/Xilinx_Project/../vhd/bootloader.vhd" into library work
Parsing VHDL file "/home/ise/shared_dir/CPU/Xilinx_Project/../vhd/ALU.vhd" into library work
Parsing VHDL file "/home/ise/shared_dir/CPU/Xilinx_Project/../vhd/CPU.vhd" into library work
Parsing VHDL file "/home/ise/shared_dir/CPU/Xilinx_Project/../tb/tb_Bootloader.vhd" into library work
Starting static elaboration
Completed static elaboration
Fuse Memory Usage: 127512 KB
Fuse CPU Usage: 1720 ms
Compiling package standard
Compiling package std_logic_1164
Compiling package numeric_std
Compiling package vcomponents
Compiling architecture rtl of entity PC [pc_default]
Compiling architecture rtl of entity Control_unit [control_unit_default]
Compiling architecture rtl of entity registr32x4 [registr32x4_default]
Compiling architecture rtl of entity Imm_decode [imm_decode_default]
Compiling architecture rtl of entity ALU [alu_default]
Compiling package textio
Compiling package vital_timing
Compiling package vital_primitives
Compiling package vpkg
Compiling architecture ramb16_s36_v of entity RAMB16_S36 [\RAMB16_S36("0000000000000000000...]
Compiling architecture rtl of entity RAM2048x32 [ram2048x32_default]
Compiling architecture ramb16_s36_v of entity RAMB16_S36 [\RAMB16_S36("0000000000000000000...]
Compiling architecture rtl of entity Bootloader [bootloader_default]
Compiling architecture rtl of entity IO_WE_controler [io_we_controler_default]
Compiling architecture rtl of entity Synchronizer [\Synchronizer(8)\]
Compiling architecture rtl of entity GPIO [gpio_default]
Compiling architecture rtl of entity UART [uart_default]
Compiling architecture rtl of entity SPI_flash [spi_flash_default]
Compiling architecture rtl of entity IO_controler [io_controler_default]
Compiling architecture rtl of entity CPU [cpu_default]
Compiling architecture behavior of entity tb_bootloader
Time Resolution for simulation is 1ps.
Compiled 41 VHDL Units
Built simulation executable /home/ise/shared_dir/CPU/Xilinx_Project/tb_Bootloader_isim_beh.exe
Fuse Memory Usage: 156912 KB
Fuse CPU Usage: 2100 ms
GCC CPU Usage: 480 ms
